SF:C:\Users\domin\Projects\maplibre_expressions\lib\src\maplibre_expression.dart
DA:34,22
DA:201,25
LF:2
LH:2
end_of_record
SF:C:\Users\domin\Projects\maplibre_expressions\lib\src\expressions\const.dart
DA:13,12
DA:17,12
DA:19,12
LF:3
LH:3
end_of_record
SF:C:\Users\domin\Projects\maplibre_expressions\lib\src\expressions\decision\all.dart
DA:20,1
DA:25,1
DA:27,1
DA:29,2
LF:4
LH:4
end_of_record
SF:C:\Users\domin\Projects\maplibre_expressions\lib\src\expressions\decision\any.dart
DA:20,1
DA:25,1
DA:27,1
DA:29,2
LF:4
LH:4
end_of_record
SF:C:\Users\domin\Projects\maplibre_expressions\lib\src\expressions\decision\case.dart
DA:17,1
DA:28,1
DA:30,1
DA:32,4
DA:33,2
DA:40,1
DA:51,1
DA:52,1
DA:53,2
DA:54,2
LF:10
LH:10
end_of_record
SF:C:\Users\domin\Projects\maplibre_expressions\lib\src\expressions\decision\coalesce.dart
DA:17,1
DA:22,1
DA:24,1
DA:26,2
LF:4
LH:4
end_of_record
SF:C:\Users\domin\Projects\maplibre_expressions\lib\src\expressions\decision\comparisons.dart
DA:4,4
DA:19,4
DA:21,4
DA:22,4
DA:23,8
DA:24,8
DA:49,2
DA:72,2
DA:96,2
DA:120,6
DA:144,6
DA:168,4
LF:12
LH:12
end_of_record
SF:C:\Users\domin\Projects\maplibre_expressions\lib\src\expressions\decision\match.dart
DA:26,1
DA:41,1
DA:43,1
DA:45,2
DA:46,4
DA:47,2
DA:54,1
DA:65,1
DA:66,1
DA:67,2
DA:68,2
LF:11
LH:11
end_of_record
SF:C:\Users\domin\Projects\maplibre_expressions\lib\src\expressions\decision\not.dart
DA:17,1
DA:21,1
DA:23,3
LF:3
LH:3
end_of_record
SF:C:\Users\domin\Projects\maplibre_expressions\lib\src\expressions\decision\within.dart
DA:25,1
DA:30,1
DA:32,2
LF:3
LH:3
end_of_record
SF:C:\Users\domin\Projects\maplibre_expressions\lib\src\expressions\lookup\at.dart
DA:16,1
DA:24,1
DA:26,5
LF:3
LH:3
end_of_record
SF:C:\Users\domin\Projects\maplibre_expressions\lib\src\expressions\lookup\get.dart
DA:23,10
DA:27,10
DA:29,10
DA:30,10
DA:31,30
DA:32,10
DA:33,10
DA:34,20
DA:36,11
LF:9
LH:9
end_of_record
SF:C:\Users\domin\Projects\maplibre_expressions\lib\src\expressions\lookup\global_state.dart
DA:20,1
DA:25,1
DA:27,2
LF:3
LH:3
end_of_record
SF:C:\Users\domin\Projects\maplibre_expressions\lib\src\expressions\lookup\has.dart
DA:21,2
DA:25,2
DA:27,2
DA:28,2
DA:29,6
DA:30,2
DA:31,2
DA:32,4
DA:34,3
LF:9
LH:9
end_of_record
SF:C:\Users\domin\Projects\maplibre_expressions\lib\src\expressions\lookup\in.dart
DA:16,1
DA:27,1
DA:29,5
DA:46,1
DA:57,1
DA:59,5
LF:6
LH:6
end_of_record
SF:C:\Users\domin\Projects\maplibre_expressions\lib\src\expressions\lookup\index_of.dart
DA:20,1
DA:31,1
DA:33,1
DA:35,2
DA:36,2
DA:37,1
DA:59,1
DA:70,1
DA:72,1
DA:74,2
DA:75,2
DA:76,2
LF:12
LH:12
end_of_record
SF:C:\Users\domin\Projects\maplibre_expressions\lib\src\expressions\lookup\length.dart
DA:17,1
DA:21,1
DA:23,3
LF:3
LH:3
end_of_record
SF:C:\Users\domin\Projects\maplibre_expressions\lib\src\expressions\lookup\slice.dart
DA:19,1
DA:30,1
DA:32,1
DA:34,2
DA:35,2
DA:36,2
DA:58,1
DA:69,1
DA:71,1
DA:73,2
DA:74,2
DA:75,2
LF:12
LH:12
end_of_record
SF:C:\Users\domin\Projects\maplibre_expressions\lib\src\expressions\types\image.dart
DA:23,1
DA:28,1
DA:30,3
LF:3
LH:3
end_of_record
SF:C:\Users\domin\Projects\maplibre_expressions\lib\src\expressions\types\to_boolean.dart
DA:19,1
DA:24,1
DA:26,3
LF:3
LH:3
end_of_record
SF:C:\Users\domin\Projects\maplibre_expressions\lib\src\expressions\types\to_color.dart
DA:20,1
DA:24,1
DA:26,3
LF:3
LH:3
end_of_record
SF:C:\Users\domin\Projects\maplibre_expressions\lib\src\expressions\types\to_number.dart
DA:25,1
DA:30,1
DA:32,3
LF:3
LH:3
end_of_record
SF:C:\Users\domin\Projects\maplibre_expressions\lib\src\expressions\types\to_string.dart
DA:27,1
DA:32,1
DA:34,3
LF:3
LH:3
end_of_record
SF:C:\Users\domin\Projects\maplibre_expressions\lib\src\expressions\zoom\zoom.dart
DA:19,1
DA:21,1
DA:23,1
LF:3
LH:3
end_of_record
